Using pre-set license
Built from '2020.3/staging' branch; Version is '2020.3.14f1 (d0d1bb862f9d) revision 13685179'; Using compiler version '192528614'; Build Type 'Release'
OS: 'Windows 10 Pro; OS build 22000.376; Version 2009; 64bit' Language: 'en' Physical Memory: 8057 MB
BatchMode: 1, IsHumanControllingUs: 0, StartBugReporterOnCrash: 0, Is64bit: 1, IsPro: 0

 COMMAND LINE ARGUMENTS:
C:\Program Files\Unity Editor\2020.3.14f1\Editor\Unity.exe
-adb2
-batchMode
-noUpm
-name
AssetImportWorker0
-projectPath
D:/papagroup/New Unity Project
-logFile
Logs/AssetImportWorker0.log
-srvPort
50734
Successfully changed project path to: D:/papagroup/New Unity Project
D:/papagroup/New Unity Project
Using Asset Import Pipeline V2.
Refreshing native plugins compatible for Editor in 167.21 ms, found 2 plugins.
Preloading 0 native plugins for Editor in 0.00 ms.
Initialize engine version: 2020.3.14f1 (d0d1bb862f9d)
[Subsystems] Discovering subsystems at path C:/Program Files/Unity Editor/2020.3.14f1/Editor/Data/Resources/UnitySubsystems
[Subsystems] Discovering subsystems at path D:/papagroup/New Unity Project/Assets
GfxDevice: creating device client; threaded=0
Direct3D:
    Version:  Direct3D 11.0 [level 11.1]
    Renderer: Radeon (TM) 520 (ID=0x6665)
    Vendor:   
    VRAM:     2039 MB
    Driver:   27.20.20904.4000
Initialize mono
Mono path[0] = 'C:/Program Files/Unity Editor/2020.3.14f1/Editor/Data/Managed'
Mono path[1] = 'C:/Program Files/Unity Editor/2020.3.14f1/Editor/Data/MonoBleedingEdge/lib/mono/unityjit'
Mono config path = 'C:/Program Files/Unity Editor/2020.3.14f1/Editor/Data/MonoBleedingEdge/etc'
Using monoOptions --debugger-agent=transport=dt_socket,embedding=1,server=y,suspend=n,address=127.0.0.1:56384
Begin MonoManager ReloadAssembly
Registering precompiled unity dll's ...
Register platform support module: C:/Program Files/Unity Editor/2020.3.14f1/Editor/Data/PlaybackEngines/WindowsStandaloneSupport/UnityEditor.WindowsStandalone.Extensions.dll
Registered in 0.001553 seconds.
Native extension for WindowsStandalone target not found
Refreshing native plugins compatible for Editor in 34.07 ms, found 2 plugins.
Preloading 0 native plugins for Editor in 0.00 ms.
Mono: successfully reloaded assembly
- Completed reload, in  2.223 seconds
Domain Reload Profiling:
	ReloadAssembly (2224ms)
		BeginReloadAssembly (63ms)
			ExecutionOrderSort (0ms)
			DisableScriptedObjects (0ms)
			BackupInstance (0ms)
			ReleaseScriptingObjects (0ms)
			CreateAndSetChildDomain (1ms)
		EndReloadAssembly (561ms)
			LoadAssemblies (61ms)
			RebuildTransferFunctionScriptingTraits (0ms)
			SetupTypeCache (225ms)
			ReleaseScriptCaches (0ms)
			RebuildScriptCaches (38ms)
			SetupLoadedEditorAssemblies (219ms)
				LogAssemblyErrors (0ms)
				InitializePlatformSupportModulesInManaged (4ms)
				SetLoadedEditorAssemblies (0ms)
				RefreshPlugins (34ms)
				BeforeProcessingInitializeOnLoad (18ms)
				ProcessInitializeOnLoadAttributes (122ms)
				ProcessInitializeOnLoadMethodAttributes (40ms)
				AfterProcessingInitializeOnLoad (0ms)
				EditorAssembliesLoaded (0ms)
			ExecutionOrderSort2 (0ms)
			AwakeInstancesAfterBackupRestoration (0ms)
Platform modules already initialized, skipping
Registering precompiled user dll's ...
Registered in 0.131181 seconds.
Begin MonoManager ReloadAssembly
Native extension for WindowsStandalone target not found
Refreshing native plugins compatible for Editor in 0.57 ms, found 2 plugins.
Preloading 0 native plugins for Editor in 0.00 ms.
Mono: successfully reloaded assembly
- Completed reload, in  2.586 seconds
Domain Reload Profiling:
	ReloadAssembly (2586ms)
		BeginReloadAssembly (179ms)
			ExecutionOrderSort (0ms)
			DisableScriptedObjects (5ms)
			BackupInstance (0ms)
			ReleaseScriptingObjects (0ms)
			CreateAndSetChildDomain (23ms)
		EndReloadAssembly (2334ms)
			LoadAssemblies (1429ms)
			RebuildTransferFunctionScriptingTraits (0ms)
			SetupTypeCache (306ms)
			ReleaseScriptCaches (1ms)
			RebuildScriptCaches (46ms)
			SetupLoadedEditorAssemblies (463ms)
				LogAssemblyErrors (0ms)
				InitializePlatformSupportModulesInManaged (5ms)
				SetLoadedEditorAssemblies (0ms)
				RefreshPlugins (1ms)
				BeforeProcessingInitializeOnLoad (91ms)
				ProcessInitializeOnLoadAttributes (356ms)
				ProcessInitializeOnLoadMethodAttributes (5ms)
				AfterProcessingInitializeOnLoad (4ms)
				EditorAssembliesLoaded (0ms)
			ExecutionOrderSort2 (0ms)
			AwakeInstancesAfterBackupRestoration (8ms)
Platform modules already initialized, skipping
========================================================================
Worker process is ready to serve import requests
Launched and connected shader compiler UnityShaderCompiler.exe after 0.12 seconds
Refreshing native plugins compatible for Editor in 0.38 ms, found 2 plugins.
Preloading 0 native plugins for Editor in 0.00 ms.
Unloading 1390 Unused Serialized files (Serialized files now loaded: 0)
System memory in use before: 64.6 MB.
System memory in use after: 64.7 MB.

Unloading 18 unused Assets to reduce memory usage. Loaded Objects now: 1824.
Total: 42.978600 ms (FindLiveObjects: 0.150200 ms CreateObjectMapping: 0.042700 ms MarkObjects: 42.636200 ms  DeleteObjects: 0.148100 ms)

AssetImportParameters requested are different than current active one (requested -> active):
  custom:framework-win-MediaFoundation: 216162199b28c13a410421893ffa2e32 -> 
  custom:video-decoder-ogg-theora: a1e56fd34408186e4bbccfd4996cb3dc -> 
  custom:container-muxer-webm: aa71ff27fc2769a1b78a27578f13a17b -> 
  custom:container-demuxer-webm: 4f35f7cbe854078d1ac9338744f61a02 -> 
  custom:container-demuxer-ogg: 62fdf1f143b41e24485cea50d1cbac27 -> 
  custom:video-encoder-webm-vp8: eb34c28f22e8b96e1ab97ce403110664 -> 
  custom:video-decoder-webm-vp8: 9c59270c3fd7afecdb556c50c9e8de78 -> 
  custom:audio-decoder-ogg-vorbis: bf7c407c2cedff20999df2af8eb42d56 -> 
  custom:audio-encoder-webm-vorbis: bf7c407c2cedff20999df2af8eb42d56 -> 
========================================================================
Received Import Request.
  path: Assets/Level1_2 1.fbx
  artifactKey: Guid(37dbb5aa8698d4f4c8521dbb952e8d3b) Importer(815301076,1909f56bfc062723c751e8b465ee728b)
Start importing Assets/Level1_2 1.fbx using Guid(37dbb5aa8698d4f4c8521dbb952e8d3b) Importer(815301076,1909f56bfc062723c751e8b465ee728b)  -> (artifact id: '79ff7e5107206c782cb134e10b285a34') in 1.939429 seconds 
  Import took 1.998495 seconds .

========================================================================
Received Import Request.
  Time since last request: 0.015423 seconds.
  path: Assets/Level1_2.fbx
  artifactKey: Guid(3da77f5c24f3ce04cb842b41f99d5f6e) Importer(815301076,1909f56bfc062723c751e8b465ee728b)
Start importing Assets/Level1_2.fbx using Guid(3da77f5c24f3ce04cb842b41f99d5f6e) Importer(815301076,1909f56bfc062723c751e8b465ee728b)  -> (artifact id: '001355f823b196e933ce5d70c5f2b54f') in 0.069454 seconds 
  Import took 0.073202 seconds .

========================================================================
Received Import Request.
  Time since last request: 0.000486 seconds.
  path: Assets/Level1_2 2.fbx
  artifactKey: Guid(ddc947f1d7857434bbe9684ec5f4b0bb) Importer(815301076,1909f56bfc062723c751e8b465ee728b)
Start importing Assets/Level1_2 2.fbx using Guid(ddc947f1d7857434bbe9684ec5f4b0bb) Importer(815301076,1909f56bfc062723c751e8b465ee728b)  -> (artifact id: 'a1f98fa045416446c41d1dc4ad7e7d48') in 0.058328 seconds 
  Import took 0.081966 seconds .

========================================================================
Received Import Request.
  Time since last request: 59.206676 seconds.
  path: Assets/text
  artifactKey: Guid(2b444895343a53a4bafecde6474fd8a1) Importer(815301076,1909f56bfc062723c751e8b465ee728b)
Start importing Assets/text using Guid(2b444895343a53a4bafecde6474fd8a1) Importer(815301076,1909f56bfc062723c751e8b465ee728b)  -> (artifact id: 'e0033846fcb1cbae42137a1fc5662345') in 0.011570 seconds 
  Import took 0.049338 seconds .

========================================================================
Received Import Request.
  Time since last request: 13.332293 seconds.
  path: Assets/Level1_2 1.fbx
  artifactKey: Guid(37dbb5aa8698d4f4c8521dbb952e8d3b) Importer(815301076,1909f56bfc062723c751e8b465ee728b)
Start importing Assets/Level1_2 1.fbx using Guid(37dbb5aa8698d4f4c8521dbb952e8d3b) Importer(815301076,1909f56bfc062723c751e8b465ee728b)  -> (artifact id: '508ced6c9d714222b5923ad125e22ce0') in 0.096914 seconds 
  Import took 0.139708 seconds .

========================================================================
Received Import Request.
  Time since last request: 1.494360 seconds.
  path: Assets/text/Dino_Face20.png
  artifactKey: Guid(f90c6b78555f6f54d939cd9610d7005d) Importer(815301076,1909f56bfc062723c751e8b465ee728b)
Start importing Assets/text/Dino_Face20.png using Guid(f90c6b78555f6f54d939cd9610d7005d) Importer(815301076,1909f56bfc062723c751e8b465ee728b)  -> (artifact id: 'bc994a9c0eccc54acdaa11dfd4a9d604') in 0.169423 seconds 
  Import took 0.241811 seconds .

========================================================================
Received Import Request.
  Time since last request: 0.000313 seconds.
  path: Assets/text/T_Dragon_49.png
  artifactKey: Guid(6a3d818399e606f41a056f2e4a9f9f7d) Importer(815301076,1909f56bfc062723c751e8b465ee728b)
Start importing Assets/text/T_Dragon_49.png using Guid(6a3d818399e606f41a056f2e4a9f9f7d) Importer(815301076,1909f56bfc062723c751e8b465ee728b)  -> (artifact id: '3484539b8b4ff84e1f3b324ec8deecb8') in 0.020887 seconds 
  Import took 0.094717 seconds .

========================================================================
Received Import Request.
  Time since last request: 50.123637 seconds.
  path: Assets/Level1_2 1.fbx
  artifactKey: Guid(37dbb5aa8698d4f4c8521dbb952e8d3b) Importer(815301076,1909f56bfc062723c751e8b465ee728b)
Start importing Assets/Level1_2 1.fbx using Guid(37dbb5aa8698d4f4c8521dbb952e8d3b) Importer(815301076,1909f56bfc062723c751e8b465ee728b)  -> (artifact id: 'a284604f596a4067f7ab3c6d5f5888ec') in 0.085764 seconds 
  Import took 0.089548 seconds .

========================================================================
Received Import Request.
  Time since last request: 2.249493 seconds.
  path: Assets/text/Dino_Face.mat
  artifactKey: Guid(dcf22918e0480d749a57b9b7491075ae) Importer(815301076,1909f56bfc062723c751e8b465ee728b)
Start importing Assets/text/Dino_Face.mat using Guid(dcf22918e0480d749a57b9b7491075ae) Importer(815301076,1909f56bfc062723c751e8b465ee728b)  -> (artifact id: 'aabf470ff81d392d784ca2110e932e0d') in 0.227851 seconds 
  Import took 0.353612 seconds .

========================================================================
Received Import Request.
  Time since last request: 0.000504 seconds.
  path: Assets/text/M_Dragon.mat
  artifactKey: Guid(d51d27837aba71f44b0becf971221915) Importer(815301076,1909f56bfc062723c751e8b465ee728b)
Start importing Assets/text/M_Dragon.mat using Guid(d51d27837aba71f44b0becf971221915) Importer(815301076,1909f56bfc062723c751e8b465ee728b)  -> (artifact id: 'd79284cb6f25a4d294eced3b66fba081') in 0.148209 seconds 
  Import took 0.181072 seconds .

========================================================================
Received Import Request.
  Time since last request: 322.296335 seconds.
  path: Assets/Level1_2 1.fbx
  artifactKey: Guid(37dbb5aa8698d4f4c8521dbb952e8d3b) Importer(815301076,1909f56bfc062723c751e8b465ee728b)
Start importing Assets/Level1_2 1.fbx using Guid(37dbb5aa8698d4f4c8521dbb952e8d3b) Importer(815301076,1909f56bfc062723c751e8b465ee728b)  -> (artifact id: 'e4c050fc569d53419343bfa7bf6c01b0') in 0.074543 seconds 
  Import took 0.097617 seconds .

========================================================================
Received Import Request.
  Time since last request: 0.000387 seconds.
  path: Assets/T_Dragon_49.png
  artifactKey: Guid(c1b72c2e3da316b4d91c44818c242d86) Importer(815301076,1909f56bfc062723c751e8b465ee728b)
Start importing Assets/T_Dragon_49.png using Guid(c1b72c2e3da316b4d91c44818c242d86) Importer(815301076,1909f56bfc062723c751e8b465ee728b)  -> (artifact id: '6f7a80b56a90d1203d0f0ba6f9128603') in 0.017880 seconds 
  Import took 0.021153 seconds .

========================================================================
Received Import Request.
  Time since last request: 0.000323 seconds.
  path: Assets/Dino_Face20.png
  artifactKey: Guid(c5d038d3c0facbe4dbe225e928d7ff91) Importer(815301076,1909f56bfc062723c751e8b465ee728b)
Start importing Assets/Dino_Face20.png using Guid(c5d038d3c0facbe4dbe225e928d7ff91) Importer(815301076,1909f56bfc062723c751e8b465ee728b)  -> (artifact id: '9d7c2dc606216d5203fa8d310dae7b8c') in 0.048762 seconds 
  Import took 0.069532 seconds .

========================================================================
Received Import Request.
  Time since last request: 0.005254 seconds.
  path: Assets/Dino_Face20.png
  artifactKey: Guid(c5d038d3c0facbe4dbe225e928d7ff91) Importer(815301076,1909f56bfc062723c751e8b465ee728b)
Start importing Assets/Dino_Face20.png using Guid(c5d038d3c0facbe4dbe225e928d7ff91) Importer(815301076,1909f56bfc062723c751e8b465ee728b)  -> (artifact id: '9d7c2dc606216d5203fa8d310dae7b8c') in 0.009239 seconds 
  Import took 0.017972 seconds .

========================================================================
Received Import Request.
  Time since last request: 5.105499 seconds.
  path: Assets/Level1_2 1.fbx
  artifactKey: Guid(37dbb5aa8698d4f4c8521dbb952e8d3b) Importer(815301076,1909f56bfc062723c751e8b465ee728b)
Start importing Assets/Level1_2 1.fbx using Guid(37dbb5aa8698d4f4c8521dbb952e8d3b) Importer(815301076,1909f56bfc062723c751e8b465ee728b)  -> (artifact id: 'b8fa9645ce61e27450443a7d3df2c364') in 0.075798 seconds 
  Import took 0.079849 seconds .

========================================================================
Received Import Request.
  Time since last request: 0.000182 seconds.
  path: Assets/M_Dragon.mat
  artifactKey: Guid(c65e7b234de768543a727eff117f35c4) Importer(815301076,1909f56bfc062723c751e8b465ee728b)
Start importing Assets/M_Dragon.mat using Guid(c65e7b234de768543a727eff117f35c4) Importer(815301076,1909f56bfc062723c751e8b465ee728b)  -> (artifact id: '85e9b8784d481800c805c34566c5bf41') in 0.026167 seconds 
  Import took 0.064638 seconds .

========================================================================
Received Import Request.
  Time since last request: 0.000184 seconds.
  path: Assets/Dino_Face.mat
  artifactKey: Guid(c433cfbc7e7f5404fb2057572b7ed0b1) Importer(815301076,1909f56bfc062723c751e8b465ee728b)
Start importing Assets/Dino_Face.mat using Guid(c433cfbc7e7f5404fb2057572b7ed0b1) Importer(815301076,1909f56bfc062723c751e8b465ee728b)  -> (artifact id: 'db8317547cf7abb38094d08926b7a006') in 0.014180 seconds 
  Import took 0.043589 seconds .

========================================================================
Received Import Request.
  Time since last request: 24.293866 seconds.
  path: Assets/CYBER
  artifactKey: Guid(87d66fceec2978a48b15467b46e3736e) Importer(815301076,1909f56bfc062723c751e8b465ee728b)
Start importing Assets/CYBER using Guid(87d66fceec2978a48b15467b46e3736e) Importer(815301076,1909f56bfc062723c751e8b465ee728b)  -> (artifact id: 'e711fb44f7623385a4b575365cdbc055') in 0.010874 seconds 
  Import took 0.197193 seconds .

========================================================================
Received Import Request.
  Time since last request: 3.603471 seconds.
  path: Assets/CYBER/Level1_2 1.prefab
  artifactKey: Guid(654ec46b213a7f54cac988d2e545203c) Importer(815301076,1909f56bfc062723c751e8b465ee728b)
Start importing Assets/CYBER/Level1_2 1.prefab using Guid(654ec46b213a7f54cac988d2e545203c) Importer(815301076,1909f56bfc062723c751e8b465ee728b)  -> (artifact id: '8d1196017fbeccad5309d4ec7f1047cd') in 0.030722 seconds 
  Import took 0.081937 seconds .

========================================================================
Received Import Request.
  Time since last request: 0.001852 seconds.
  path: Assets/CYBER/Level1_2 1.prefab
  artifactKey: Guid(654ec46b213a7f54cac988d2e545203c) Importer(815301076,1909f56bfc062723c751e8b465ee728b)
Start importing Assets/CYBER/Level1_2 1.prefab using Guid(654ec46b213a7f54cac988d2e545203c) Importer(815301076,1909f56bfc062723c751e8b465ee728b)  -> (artifact id: '8d1196017fbeccad5309d4ec7f1047cd') in 0.023695 seconds 
  Import took 0.031551 seconds .

========================================================================
Received Import Request.
  Time since last request: 45.699757 seconds.
  path: Assets/Level1_2 1.fbx
  artifactKey: Guid(37dbb5aa8698d4f4c8521dbb952e8d3b) Importer(815301076,1909f56bfc062723c751e8b465ee728b)
Start importing Assets/Level1_2 1.fbx using Guid(37dbb5aa8698d4f4c8521dbb952e8d3b) Importer(815301076,1909f56bfc062723c751e8b465ee728b)  -> (artifact id: 'cc5527370627fed5d8fe3deddf649b8c') in 0.056768 seconds 
  Import took 0.309427 seconds .

========================================================================
Received Import Request.
  Time since last request: 0.000285 seconds.
  path: Assets/T_Dragon_49 1.png
  artifactKey: Guid(ff9d71bf8f02b004689b7ce5b08bdb69) Importer(815301076,1909f56bfc062723c751e8b465ee728b)
Start importing Assets/T_Dragon_49 1.png using Guid(ff9d71bf8f02b004689b7ce5b08bdb69) Importer(815301076,1909f56bfc062723c751e8b465ee728b)  -> (artifact id: '03bd0be8df812d1bb92a1e1d98e1e3b4') in 0.016420 seconds 
  Import took 0.018570 seconds .

========================================================================
Received Import Request.
  Time since last request: 0.000195 seconds.
  path: Assets/Dino_Face20 1.png
  artifactKey: Guid(d59fdba72ee51c04e93396512d97bdbf) Importer(815301076,1909f56bfc062723c751e8b465ee728b)
Start importing Assets/Dino_Face20 1.png using Guid(d59fdba72ee51c04e93396512d97bdbf) Importer(815301076,1909f56bfc062723c751e8b465ee728b)  -> (artifact id: '490584e59eccec97c385e10f2f7e4530') in 0.017733 seconds 
  Import took 0.125716 seconds .

AssetImportWorkerClient::OnTransportError - code=2 error=End of file
